<?xml version="1.0" encoding="UTF-8"?>
<!-- Generated by org.testng.reporters.JUnitXMLReporter -->
<testsuite hostname="DESKTOP-BNAETR8" ignored="8" name="Test" tests="9" failures="0" timestamp="2021-06-01T12:30:24 IST" time="0.366" errors="0">
  <testcase name="@BeforeSuite intialize" time="0.011" classname="com.Guru99.globaltest.BaseTest">
    <failure type="java.io.FileNotFoundException" message="C:\Codebase\Bankproject\Resources\config\orangehrm.properties (The system cannot find the path specified)">
      <![CDATA[java.io.FileNotFoundException: C:\Codebase\Bankproject\Resources\config\orangehrm.properties (The system cannot find the path specified)
at java.io.FileInputStream.open0(Native Method)
at java.io.FileInputStream.open(FileInputStream.java:195)
at java.io.FileInputStream.<init>(FileInputStream.java:138)
at com.Guru99.utilities.propertyutil.intializeproperty(propertyutil.java:14)
at com.Guru99.globaltest.BaseTest.intialize(BaseTest.java:25)
... Removed 19 stack frames]]>
    </failure>
  </testcase> <!-- @BeforeSuite intialize -->
  <testcase name="@BeforeMethod launchbrowser" time="-1.622530824492E9" classname="com.Guru99.globaltest.BaseTest">
    <skipped/>
  </testcase> <!-- @BeforeMethod launchbrowser -->
  <testcase name="@BeforeMethod openApplication" time="-1.622530824494E9" classname="com.Guru99.globaltest.BaseTest">
    <skipped/>
  </testcase> <!-- @BeforeMethod openApplication -->
  <testcase name="@AfterMethod closebrowser" time="-1.622530824519E9" classname="com.Guru99.globaltest.BaseTest">
    <skipped/>
  </testcase> <!-- @AfterMethod closebrowser -->
  <testcase name="@BeforeMethod launchbrowser" time="-1.622530824526E9" classname="com.Guru99.globaltest.BaseTest">
    <skipped/>
  </testcase> <!-- @BeforeMethod launchbrowser -->
  <testcase name="@BeforeMethod openApplication" time="-1.622530824528E9" classname="com.Guru99.globaltest.BaseTest">
    <skipped/>
  </testcase> <!-- @BeforeMethod openApplication -->
  <testcase name="@AfterMethod closebrowser" time="-1.622530824536E9" classname="com.Guru99.globaltest.BaseTest">
    <skipped/>
  </testcase> <!-- @AfterMethod closebrowser -->
  <testcase name="@BeforeMethod launchbrowser" time="-1.622530824539E9" classname="com.Guru99.globaltest.BaseTest">
    <skipped/>
  </testcase> <!-- @BeforeMethod launchbrowser -->
  <testcase name="@BeforeMethod openApplication" time="-1.622530824542E9" classname="com.Guru99.globaltest.BaseTest">
    <skipped/>
  </testcase> <!-- @BeforeMethod openApplication -->
  <testcase name="@AfterMethod closebrowser" time="-1.62253082455E9" classname="com.Guru99.globaltest.BaseTest">
    <skipped/>
  </testcase> <!-- @AfterMethod closebrowser -->
  <testcase name="@BeforeMethod launchbrowser" time="-1.622530824553E9" classname="com.Guru99.globaltest.BaseTest">
    <skipped/>
  </testcase> <!-- @BeforeMethod launchbrowser -->
  <testcase name="@BeforeMethod openApplication" time="-1.622530824555E9" classname="com.Guru99.globaltest.BaseTest">
    <skipped/>
  </testcase> <!-- @BeforeMethod openApplication -->
  <testcase name="@AfterMethod closebrowser" time="-1.622530824562E9" classname="com.Guru99.globaltest.BaseTest">
    <skipped/>
  </testcase> <!-- @AfterMethod closebrowser -->
  <testcase name="@BeforeMethod launchbrowser" time="-1.622530824564E9" classname="com.Guru99.globaltest.BaseTest">
    <skipped/>
  </testcase> <!-- @BeforeMethod launchbrowser -->
  <testcase name="@BeforeMethod openApplication" time="-1.622530824566E9" classname="com.Guru99.globaltest.BaseTest">
    <skipped/>
  </testcase> <!-- @BeforeMethod openApplication -->
  <testcase name="@AfterMethod closebrowser" time="-1.622530824576E9" classname="com.Guru99.globaltest.BaseTest">
    <skipped/>
  </testcase> <!-- @AfterMethod closebrowser -->
  <testcase name="@BeforeMethod launchbrowser" time="-1.622530824579E9" classname="com.Guru99.globaltest.BaseTest">
    <skipped/>
  </testcase> <!-- @BeforeMethod launchbrowser -->
  <testcase name="@BeforeMethod openApplication" time="-1.62253082458E9" classname="com.Guru99.globaltest.BaseTest">
    <skipped/>
  </testcase> <!-- @BeforeMethod openApplication -->
  <testcase name="@AfterMethod closebrowser" time="-1.622530824588E9" classname="com.Guru99.globaltest.BaseTest">
    <skipped/>
  </testcase> <!-- @AfterMethod closebrowser -->
  <testcase name="@BeforeMethod launchbrowser" time="-1.622530824592E9" classname="com.Guru99.globaltest.BaseTest">
    <skipped/>
  </testcase> <!-- @BeforeMethod launchbrowser -->
  <testcase name="@BeforeMethod openApplication" time="-1.622530824593E9" classname="com.Guru99.globaltest.BaseTest">
    <skipped/>
  </testcase> <!-- @BeforeMethod openApplication -->
  <testcase name="@AfterMethod closebrowser" time="-1.6225308246E9" classname="com.Guru99.globaltest.BaseTest">
    <skipped/>
  </testcase> <!-- @AfterMethod closebrowser -->
  <testcase name="@BeforeMethod launchbrowser" time="-1.622530824607E9" classname="com.Guru99.globaltest.BaseTest">
    <skipped/>
  </testcase> <!-- @BeforeMethod launchbrowser -->
  <testcase name="@BeforeMethod openApplication" time="-1.622530824609E9" classname="com.Guru99.globaltest.BaseTest">
    <skipped/>
  </testcase> <!-- @BeforeMethod openApplication -->
  <testcase name="@AfterMethod closebrowser" time="-1.622530824628E9" classname="com.Guru99.globaltest.BaseTest">
    <skipped/>
  </testcase> <!-- @AfterMethod closebrowser -->
  <testcase name="@BeforeMethod launchbrowser" time="-1.622530824631E9" classname="com.Guru99.globaltest.BaseTest">
    <skipped/>
  </testcase> <!-- @BeforeMethod launchbrowser -->
  <testcase name="@BeforeMethod openApplication" time="-1.622530824633E9" classname="com.Guru99.globaltest.BaseTest">
    <skipped/>
  </testcase> <!-- @BeforeMethod openApplication -->
  <testcase name="@AfterMethod closebrowser" time="-1.622530824643E9" classname="com.Guru99.globaltest.BaseTest">
    <skipped/>
  </testcase> <!-- @AfterMethod closebrowser -->
  <testcase name="verifyFundsTranfer" time="0.0" classname="com.Guru99.tests.FundTransferTest">
    <skipped/>
  </testcase> <!-- verifyFundsTranfer -->
  <testcase name="verifyMiniStatement" time="0.0" classname="com.Guru99.tests.MiniStatementTest">
    <skipped/>
  </testcase> <!-- verifyMiniStatement -->
  <testcase name="verifyDepositAmount" time="0.0" classname="com.Guru99.tests.DepositAmountTest">
    <skipped/>
  </testcase> <!-- verifyDepositAmount -->
  <testcase name="verifyWithdrowAmount" time="0.0" classname="com.Guru99.tests.WithdrowAmountTest">
    <skipped/>
  </testcase> <!-- verifyWithdrowAmount -->
  <testcase name="verifyAddnewAccount" time="0.0" classname="com.Guru99.tests.NewAccountTest">
    <skipped/>
  </testcase> <!-- verifyAddnewAccount -->
  <testcase name="verifyvaliedcredentals" time="0.0" classname="com.Guru99.tests.LoginTest">
    <skipped/>
  </testcase> <!-- verifyvaliedcredentals -->
  <testcase name="VerifyNewCustomer" time="0.0" classname="com.Guru99.tests.NewCustomerTest">
    <skipped/>
  </testcase> <!-- VerifyNewCustomer -->
  <testcase name="verifyEditCustomerDetails" time="0.0" classname="com.Guru99.tests.BalanceEnquiryTest">
    <skipped/>
  </testcase> <!-- verifyEditCustomerDetails -->
  <testcase name="verifyEditCustomerDetails" time="0.0" classname="com.Guru99.tests.EditCustomerTest">
    <skipped/>
  </testcase> <!-- verifyEditCustomerDetails -->
  <testcase name="@BeforeSuite intialize" time="0.0" classname="com.Guru99.globaltest.BaseTest">
    <ignored/>
  </testcase> <!-- @BeforeSuite intialize -->
  <testcase name="@BeforeSuite intialize" time="0.0" classname="com.Guru99.globaltest.BaseTest">
    <ignored/>
  </testcase> <!-- @BeforeSuite intialize -->
  <testcase name="@BeforeSuite intialize" time="0.0" classname="com.Guru99.globaltest.BaseTest">
    <ignored/>
  </testcase> <!-- @BeforeSuite intialize -->
  <testcase name="@BeforeSuite intialize" time="0.0" classname="com.Guru99.globaltest.BaseTest">
    <ignored/>
  </testcase> <!-- @BeforeSuite intialize -->
  <testcase name="@BeforeSuite intialize" time="0.0" classname="com.Guru99.globaltest.BaseTest">
    <ignored/>
  </testcase> <!-- @BeforeSuite intialize -->
  <testcase name="@BeforeSuite intialize" time="0.0" classname="com.Guru99.globaltest.BaseTest">
    <ignored/>
  </testcase> <!-- @BeforeSuite intialize -->
  <testcase name="@BeforeSuite intialize" time="0.0" classname="com.Guru99.globaltest.BaseTest">
    <ignored/>
  </testcase> <!-- @BeforeSuite intialize -->
  <testcase name="@BeforeSuite intialize" time="0.0" classname="com.Guru99.globaltest.BaseTest">
    <ignored/>
  </testcase> <!-- @BeforeSuite intialize -->
</testsuite> <!-- Test -->
